[checklist] Building index for /shared/0/projects/research-jam-summer-2024/tmp/checklist_final_merged_agglo_0.7_v2_LIMA.jsonl ...
  (This may take a while for the 70GB file...)
  [checklist] 1000 annotation records (from 3879 total lines)...
  [checklist] 2000 annotation records (from 5962 total lines)...
  [checklist] 3000 annotation records (from 9060 total lines)...
  [checklist] 4000 annotation records (from 11479 total lines)...
  [checklist] 5000 annotation records (from 13454 total lines)...
  [checklist] 6000 annotation records (from 16779 total lines)...
  [checklist] 7000 annotation records (from 19411 total lines)...
  [checklist] 8000 annotation records (from 22585 total lines)...
  [checklist] 9000 annotation records (from 26799 total lines)...
  [checklist] 10000 annotation records (from 32065 total lines)...
  [checklist] 11000 annotation records (from 34720 total lines)...
  [checklist] 12000 annotation records (from 39388 total lines)...
  [checklist] 13000 annotation records (from 42655 total lines)...
  [checklist] 14000 annotation records (from 45981 total lines)...
  [checklist] 15000 annotation records (from 49148 total lines)...
  [checklist] 16000 annotation records (from 52094 total lines)...
  [checklist] 17000 annotation records (from 55135 total lines)...
  [checklist] 18000 annotation records (from 58709 total lines)...
  [checklist] 19000 annotation records (from 62718 total lines)...
  [checklist] 20000 annotation records (from 65845 total lines)...
  [checklist] 21000 annotation records (from 69546 total lines)...
  [checklist] 22000 annotation records (from 72089 total lines)...
  [checklist] 23000 annotation records (from 74787 total lines)...
  [checklist] 24000 annotation records (from 78341 total lines)...
  [checklist] 25000 annotation records (from 82864 total lines)...
  [checklist] 26000 annotation records (from 86325 total lines)...
  [checklist] 27000 annotation records (from 89861 total lines)...
  [checklist] 28000 annotation records (from 93019 total lines)...
  [checklist] 29000 annotation records (from 97031 total lines)...
  [checklist] 30000 annotation records (from 99437 total lines)...
  [checklist] 31000 annotation records (from 103123 total lines)...
  [checklist] 32000 annotation records (from 106906 total lines)...
  [checklist] 33000 annotation records (from 110285 total lines)...
  [checklist] 34000 annotation records (from 113180 total lines)...
  [checklist] 35000 annotation records (from 115037 total lines)...
  [checklist] 36000 annotation records (from 118483 total lines)...
  [checklist] 37000 annotation records (from 122147 total lines)...
  [checklist] 38000 annotation records (from 126127 total lines)...
  [checklist] 39000 annotation records (from 130009 total lines)...
  [checklist] 40000 annotation records (from 132024 total lines)...
  [checklist] 41000 annotation records (from 135871 total lines)...
  [checklist] 42000 annotation records (from 138904 total lines)...
  [checklist] 43000 annotation records (from 141748 total lines)...
  [checklist] 44000 annotation records (from 145545 total lines)...
  [checklist] 45000 annotation records (from 147942 total lines)...
  [checklist] 46000 annotation records (from 151555 total lines)...
  [checklist] 47000 annotation records (from 154471 total lines)...
  [checklist] 48000 annotation records (from 157414 total lines)...
  [checklist] 49000 annotation records (from 159907 total lines)...
  [checklist] 50000 annotation records (from 164443 total lines)...
  [checklist] 51000 annotation records (from 169164 total lines)...
  [checklist] 52000 annotation records (from 172985 total lines)...
  [checklist] 53000 annotation records (from 175430 total lines)...
  [checklist] 54000 annotation records (from 178615 total lines)...
  [checklist] 55000 annotation records (from 182787 total lines)...
  [checklist] 56000 annotation records (from 186457 total lines)...
  [checklist] 57000 annotation records (from 190439 total lines)...
  [checklist] 58000 annotation records (from 194143 total lines)...
  [checklist] 59000 annotation records (from 198701 total lines)...
  [checklist] 60000 annotation records (from 201818 total lines)...
  [checklist] 61000 annotation records (from 204809 total lines)...
  [checklist] 62000 annotation records (from 207327 total lines)...
  [checklist] 63000 annotation records (from 210676 total lines)...
  [checklist] 64000 annotation records (from 213880 total lines)...
  [checklist] 65000 annotation records (from 216780 total lines)...
  [checklist] 66000 annotation records (from 220753 total lines)...
  [checklist] 67000 annotation records (from 225338 total lines)...
  [checklist] 68000 annotation records (from 228788 total lines)...
  [checklist] 69000 annotation records (from 232846 total lines)...
  [checklist] 70000 annotation records (from 237621 total lines)...
  [checklist] 71000 annotation records (from 240508 total lines)...
  [checklist] 72000 annotation records (from 243182 total lines)...
  [checklist] 73000 annotation records (from 247045 total lines)...
  [checklist] 74000 annotation records (from 249442 total lines)...
  [checklist] 75000 annotation records (from 252174 total lines)...
  [checklist] 76000 annotation records (from 255356 total lines)...
  [checklist] 77000 annotation records (from 258801 total lines)...
  [checklist] 78000 annotation records (from 263029 total lines)...
  [checklist] 79000 annotation records (from 267384 total lines)...
  [checklist] 80000 annotation records (from 270258 total lines)...
  [checklist] 81000 annotation records (from 272901 total lines)...
  [checklist] 82000 annotation records (from 277532 total lines)...
  [checklist] 83000 annotation records (from 279957 total lines)...
  [checklist] 84000 annotation records (from 283385 total lines)...
  [checklist] 85000 annotation records (from 286523 total lines)...
  [checklist] 86000 annotation records (from 291193 total lines)...
  [checklist] 87000 annotation records (from 295324 total lines)...
  [checklist] 88000 annotation records (from 298692 total lines)...
  [checklist] 89000 annotation records (from 301674 total lines)...
  [checklist] 90000 annotation records (from 304707 total lines)...
  [checklist] 91000 annotation records (from 306575 total lines)...
  [checklist] 92000 annotation records (from 309167 total lines)...
  [checklist] 93000 annotation records (from 313756 total lines)...
  [checklist] 94000 annotation records (from 316966 total lines)...
  [checklist] 95000 annotation records (from 320098 total lines)...
  [checklist] 96000 annotation records (from 321821 total lines)...
  [checklist] 97000 annotation records (from 325374 total lines)...
  [checklist] 98000 annotation records (from 327914 total lines)...
  [checklist] 99000 annotation records (from 331739 total lines)...
  [checklist] 100000 annotation records (from 334303 total lines)...
  [checklist] 101000 annotation records (from 339167 total lines)...
  [checklist] 102000 annotation records (from 342685 total lines)...
  [checklist] 103000 annotation records (from 345005 total lines)...
  [checklist] 104000 annotation records (from 348089 total lines)...
  [checklist] 105000 annotation records (from 349921 total lines)...
  [checklist] 106000 annotation records (from 351552 total lines)...
  [checklist] 107000 annotation records (from 355395 total lines)...
  [checklist] 108000 annotation records (from 358199 total lines)...
  [checklist] 109000 annotation records (from 361830 total lines)...
  [checklist] 110000 annotation records (from 366280 total lines)...
  [checklist] 111000 annotation records (from 371011 total lines)...
  [checklist] 112000 annotation records (from 375223 total lines)...
  [checklist] 113000 annotation records (from 378735 total lines)...
  [checklist] 114000 annotation records (from 381174 total lines)...
  [checklist] 115000 annotation records (from 384945 total lines)...
  [checklist] 116000 annotation records (from 388878 total lines)...
  [checklist] 117000 annotation records (from 392180 total lines)...
  [checklist] 118000 annotation records (from 396961 total lines)...
  [checklist] 119000 annotation records (from 399943 total lines)...
  [checklist] 120000 annotation records (from 402793 total lines)...
  [checklist] 121000 annotation records (from 405224 total lines)...
  [checklist] 122000 annotation records (from 408177 total lines)...
  [checklist] 123000 annotation records (from 411093 total lines)...
  [checklist] 124000 annotation records (from 414522 total lines)...
  [checklist] 125000 annotation records (from 417941 total lines)...
  [checklist] 126000 annotation records (from 421707 total lines)...
  [checklist] 127000 annotation records (from 425951 total lines)...
  [checklist] 128000 annotation records (from 428972 total lines)...
  [checklist] 129000 annotation records (from 432496 total lines)...
  [checklist] 130000 annotation records (from 436187 total lines)...
  [checklist] 131000 annotation records (from 439428 total lines)...
  [checklist] 132000 annotation records (from 443522 total lines)...
  [checklist] 133000 annotation records (from 446505 total lines)...
  [checklist] 134000 annotation records (from 449385 total lines)...
  [checklist] 135000 annotation records (from 454260 total lines)...
  [checklist] 136000 annotation records (from 457265 total lines)...
  [checklist] 137000 annotation records (from 459967 total lines)...
  [checklist] 138000 annotation records (from 462905 total lines)...
  [checklist] 139000 annotation records (from 466735 total lines)...
  [checklist] 140000 annotation records (from 471371 total lines)...
  [checklist] 141000 annotation records (from 473851 total lines)...
  [checklist] 142000 annotation records (from 477340 total lines)...
  [checklist] 143000 annotation records (from 481461 total lines)...
  [checklist] 144000 annotation records (from 483533 total lines)...
  [checklist] 145000 annotation records (from 488191 total lines)...
  [checklist] 146000 annotation records (from 491937 total lines)...
  [checklist] 147000 annotation records (from 494300 total lines)...
  [checklist] 148000 annotation records (from 497570 total lines)...
[checklist] Done. 148889 annotation records indexed (from 500000 total lines).
All done.
